<?xml version="1.0" encoding="UTF-8"?>
<!-- Generated by org.testng.reporters.JUnitReportReporter -->
<testsuite hostname="DESKTOP-VDQLJLJ" failures="0" tests="3" name="com.actitime.testscript.customerModule" time="0.010" errors="0" timestamp="2024-10-03T16:11:17 IST" skipped="0">
  <testcase classname="com.actitime.testscript.customerModule" name="CreateCustomer" time="0.007"/>
  <system-out>
    <![CDATA[createCustomer]]>
  </system-out>
  <testcase classname="com.actitime.testscript.customerModule" name="EditCustomer" time="0.002"/>
  <system-out>
    <![CDATA[EditCustomer]]>
  </system-out>
  <testcase classname="com.actitime.testscript.customerModule" name="DeleteCustomer" time="0.001"/>
  <system-out>
    <![CDATA[DeleteCustomer]]>
  </system-out>
</testsuite> <!-- com.actitime.testscript.customerModule -->
