<?xml version="1.0" encoding="UTF-8"?>
<!-- Generated by org.testng.reporters.JUnitReportReporter -->
<testsuite hostname="DESKTOP-VDQLJLJ" failures="0" tests="3" name="com.actitime.generic.BaseClass" time="0.013" errors="0" timestamp="2024-09-27T23:09:46 IST" skipped="0">
  <testcase classname="com.actitime.generic.BaseClass" name="TaskModule" time="0.002"/>
  <system-out>
    <![CDATA[TaskModule]]>
  </system-out>
  <testcase classname="com.actitime.generic.BaseClass" name="ProjectModule" time="0.001"/>
  <system-out>
    <![CDATA[ProjectModule]]>
  </system-out>
  <testcase classname="com.actitime.generic.BaseClass" name="CustomerModule" time="0.010"/>
  <system-out>
    <![CDATA[CreateModule]]>
  </system-out>
</testsuite> <!-- com.actitime.generic.BaseClass -->
