<?xml version="1.0" encoding="UTF-8"?>
<!-- Generated by org.testng.reporters.JUnitReportReporter -->
<testsuite hostname="DESKTOP-VDQLJLJ" failures="0" tests="3" name="com.actitime.testscript.ProjectModule" time="0.009" errors="0" timestamp="2024-09-27T13:45:28 IST" skipped="0">
  <testcase classname="com.actitime.testscript.ProjectModule" name="TaskCustomer" time="0.000"/>
  <system-out>
    <![CDATA[TaskCustomer]]>
  </system-out>
  <testcase classname="com.actitime.testscript.ProjectModule" name="CreateCustomer" time="0.007"/>
  <system-out>
    <![CDATA[createCustomer]]>
  </system-out>
  <testcase classname="com.actitime.testscript.ProjectModule" name="DeleteCustomer" time="0.002"/>
  <system-out>
    <![CDATA[DeleteCustomer]]>
  </system-out>
</testsuite> <!-- com.actitime.testscript.ProjectModule -->
