<?xml version="1.0" encoding="UTF-8"?>
<!-- Generated by org.testng.reporters.JUnitReportReporter -->
<testsuite hostname="DESKTOP-VDQLJLJ" failures="0" tests="3" name="qsp.DependsOnMethods2" time="0.002" errors="0" timestamp="2024-09-27T12:41:41 IST" skipped="1">
  <testcase classname="qsp.DependsOnMethods2" name="deletecustomer" time="0.001"/>
  <system-out>
    <![CDATA[hicya]]>
  </system-out>
  <testcase classname="qsp.DependsOnMethods2" name="modifycustomer" time="0.001"/>
  <system-out>
    <![CDATA[bye]]>
  </system-out>
  <testcase classname="qsp.DependsOnMethods2" name="createcustomer">
    <skipped/>
  </testcase> <!-- createcustomer -->
  <system-out/>
</testsuite> <!-- qsp.DependsOnMethods2 -->
