<?xml version="1.0" encoding="UTF-8"?>
<!-- Generated by org.testng.reporters.JUnitReportReporter -->
<testsuite hostname="DESKTOP-VDQLJLJ" failures="0" tests="1" name="com.actitime.testscript.TaskModule" time="0.011" errors="0" timestamp="2024-10-03T16:12:49 IST" skipped="0">
  <testcase classname="com.actitime.testscript.TaskModule" name="CreateModule" time="0.011"/>
  <system-out>
    <![CDATA[CreateModule]]>
  </system-out>
</testsuite> <!-- com.actitime.testscript.TaskModule -->
